# JRE version: OpenJDK Runtime Environment Temurin-17.0.6+10 (17.0.6+10) (build 17.0.6+10)
# Java VM: OpenJDK 64-Bit Server VM Temurin-17.0.6+10 (17.0.6+10, mixed mode, emulated-client, tiered, compressed oops, compressed class ptrs, g1 gc, windows-amd64)
GC Precious Log:
 CPUs: 8 total, 8 available
 Memory: 16159M
 Large Page Support: Disabled
 NUMA Support: Disabled
 Compressed Oops: Enabled (32-bit)
 Heap Region Size: 1M
 Heap Min Capacity: 8M
 Heap Initial Capacity: 254M
 Heap Max Capacity: 1G
 Pre-touch: Disabled
 Parallel Workers: 8
 Concurrent Workers: 2
 Concurrent Refinement Workers: 8
 Periodic GC: Disabled
Heap:
 garbage-first heap   total 86016K, used 25254K [0x00000000c0000000, 0x0000000100000000)
  region size 1024K, 1 young (1024K), 0 survivors (0K)
 Metaspace       used 45387K, committed 45952K, reserved 1089536K
  class space    used 6474K, committed 6720K, reserved 1048576K
GC Heap History (20 events):
Event: 665.535 GC heap before
{Heap before GC invocations=108 (full 61):
 garbage-first heap   total 86016K, used 25254K [0x00000000c0000000, 0x0000000100000000)
  region size 1024K, 1 young (1024K), 0 survivors (0K)
 Metaspace       used 45387K, committed 45952K, reserved 1089536K
  class space    used 6474K, committed 6720K, reserved 1048576K
}
Event: 665.557 GC heap after
{Heap after GC invocations=109 (full 62):
 garbage-first heap   total 86016K, used 25254K [0x00000000c0000000, 0x0000000100000000)
  region size 1024K, 0 young (0K), 0 survivors (0K)
 Metaspace       used 45387K, committed 45952K, reserved 1089536K
  class space    used 6474K, committed 6720K, reserved 1048576K
}
Event: 675.691 GC heap before
{Heap before GC invocations=109 (full 62):
 garbage-first heap   total 86016K, used 25254K [0x00000000c0000000, 0x0000000100000000)
  region size 1024K, 1 young (1024K), 0 survivors (0K)
 Metaspace       used 45387K, committed 45952K, reserved 1089536K
  class space    used 6474K, committed 6720K, reserved 1048576K
}
Event: 675.714 GC heap after
{Heap after GC invocations=110 (full 63):
 garbage-first heap   total 86016K, used 25254K [0x00000000c0000000, 0x0000000100000000)
  region size 1024K, 0 young (0K), 0 survivors (0K)
 Metaspace       used 45387K, committed 45952K, reserved 1089536K
  class space    used 6474K, committed 6720K, reserved 1048576K
}
Event: 685.889 GC heap before
{Heap before GC invocations=110 (full 63):
 garbage-first heap   total 86016K, used 25254K [0x00000000c0000000, 0x0000000100000000)
  region size 1024K, 1 young (1024K), 0 survivors (0K)
 Metaspace       used 45387K, committed 45952K, reserved 1089536K
  class space    used 6474K, committed 6720K, reserved 1048576K
}
Event: 685.919 GC heap after
{Heap after GC invocations=111 (full 64):
 garbage-first heap   total 86016K, used 25254K [0x00000000c0000000, 0x0000000100000000)
  region size 1024K, 0 young (0K), 0 survivors (0K)
 Metaspace       used 45387K, committed 45952K, reserved 1089536K
  class space    used 6474K, committed 6720K, reserved 1048576K
}
Event: 696.114 GC heap before
{Heap before GC invocations=111 (full 64):
 garbage-first heap   total 86016K, used 25254K [0x00000000c0000000, 0x0000000100000000)
  region size 1024K, 1 young (1024K), 0 survivors (0K)
 Metaspace       used 45387K, committed 45952K, reserved 1089536K
  class space    used 6474K, committed 6720K, reserved 1048576K
}
Event: 696.146 GC heap after
{Heap after GC invocations=112 (full 65):
 garbage-first heap   total 86016K, used 25254K [0x00000000c0000000, 0x0000000100000000)
  region size 1024K, 0 young (0K), 0 survivors (0K)
 Metaspace       used 45387K, committed 45952K, reserved 1089536K
  class space    used 6474K, committed 6720K, reserved 1048576K
}
Event: 706.260 GC heap before
{Heap before GC invocations=112 (full 65):
 garbage-first heap   total 86016K, used 25254K [0x00000000c0000000, 0x0000000100000000)
  region size 1024K, 1 young (1024K), 0 survivors (0K)
 Metaspace       used 45387K, committed 45952K, reserved 1089536K
  class space    used 6474K, committed 6720K, reserved 1048576K
}
Event: 706.281 GC heap after
{Heap after GC invocations=113 (full 66):
 garbage-first heap   total 86016K, used 25254K [0x00000000c0000000, 0x0000000100000000)
  region size 1024K, 0 young (0K), 0 survivors (0K)
 Metaspace       used 45387K, committed 45952K, reserved 1089536K
  class space    used 6474K, committed 6720K, reserved 1048576K
}
Event: 716.499 GC heap before
{Heap before GC invocations=113 (full 66):
 garbage-first heap   total 86016K, used 25254K [0x00000000c0000000, 0x0000000100000000)
  region size 1024K, 1 young (1024K), 0 survivors (0K)
 Metaspace       used 45387K, committed 45952K, reserved 1089536K
  class space    used 6474K, committed 6720K, reserved 1048576K
}
Event: 716.525 GC heap after
{Heap after GC invocations=114 (full 67):
 garbage-first heap   total 86016K, used 25254K [0x00000000c0000000, 0x0000000100000000)
  region size 1024K, 0 young (0K), 0 survivors (0K)
 Metaspace       used 45387K, committed 45952K, reserved 1089536K
  class space    used 6474K, committed 6720K, reserved 1048576K
}
Event: 726.722 GC heap before
{Heap before GC invocations=114 (full 67):
 garbage-first heap   total 86016K, used 25254K [0x00000000c0000000, 0x0000000100000000)
  region size 1024K, 1 young (1024K), 0 survivors (0K)
 Metaspace       used 45387K, committed 45952K, reserved 1089536K
  class space    used 6474K, committed 6720K, reserved 1048576K
}
Event: 726.753 GC heap after
{Heap after GC invocations=115 (full 68):
 garbage-first heap   total 86016K, used 25254K [0x00000000c0000000, 0x0000000100000000)
  region size 1024K, 0 young (0K), 0 survivors (0K)
 Metaspace       used 45387K, committed 45952K, reserved 1089536K
  class space    used 6474K, committed 6720K, reserved 1048576K
}
Event: 737.096 GC heap before
{Heap before GC invocations=115 (full 68):
 garbage-first heap   total 86016K, used 25254K [0x00000000c0000000, 0x0000000100000000)
  region size 1024K, 1 young (1024K), 0 survivors (0K)
 Metaspace       used 45387K, committed 45952K, reserved 1089536K
  class space    used 6474K, committed 6720K, reserved 1048576K
}
Event: 737.136 GC heap after
{Heap after GC invocations=116 (full 69):
 garbage-first heap   total 86016K, used 25254K [0x00000000c0000000, 0x0000000100000000)
  region size 1024K, 0 young (0K), 0 survivors (0K)
 Metaspace       used 45387K, committed 45952K, reserved 1089536K
  class space    used 6474K, committed 6720K, reserved 1048576K
}
Event: 747.279 GC heap before
{Heap before GC invocations=116 (full 69):
 garbage-first heap   total 86016K, used 25254K [0x00000000c0000000, 0x0000000100000000)
  region size 1024K, 1 young (1024K), 0 survivors (0K)
 Metaspace       used 45387K, committed 45952K, reserved 1089536K
  class space    used 6474K, committed 6720K, reserved 1048576K
}
Event: 747.301 GC heap after
{Heap after GC invocations=117 (full 70):
 garbage-first heap   total 86016K, used 25254K [0x00000000c0000000, 0x0000000100000000)
  region size 1024K, 0 young (0K), 0 survivors (0K)
 Metaspace       used 45387K, committed 45952K, reserved 1089536K
  class space    used 6474K, committed 6720K, reserved 1048576K
}
Event: 757.433 GC heap before
{Heap before GC invocations=117 (full 70):
 garbage-first heap   total 86016K, used 25254K [0x00000000c0000000, 0x0000000100000000)
  region size 1024K, 1 young (1024K), 0 survivors (0K)
 Metaspace       used 45387K, committed 45952K, reserved 1089536K
  class space    used 6474K, committed 6720K, reserved 1048576K
}
Event: 757.455 GC heap after
{Heap after GC invocations=118 (full 71):
 garbage-first heap   total 86016K, used 25254K [0x00000000c0000000, 0x0000000100000000)
  region size 1024K, 0 young (0K), 0 survivors (0K)
 Metaspace       used 45387K, committed 45952K, reserved 1089536K
  class space    used 6474K, committed 6720K, reserved 1048576K
}

